0 info it worked if it ends with ok
1 verbose cli [ '/home/katja/.nvm/versions/node/v7.1.0/bin/node',
1 verbose cli   '/home/katja/.nvm/versions/node/v7.1.0/bin/npm',
1 verbose cli   'start' ]
2 info using npm@3.10.9
3 info using node@v7.1.0
4 verbose run-script [ 'prestart', 'start', 'poststart' ]
5 info lifecycle node-beginner@0.0.0~prestart: node-beginner@0.0.0
6 silly lifecycle node-beginner@0.0.0~prestart: no script for prestart, continuing
7 info lifecycle node-beginner@0.0.0~start: node-beginner@0.0.0
8 verbose lifecycle node-beginner@0.0.0~start: unsafe-perm in lifecycle true
9 verbose lifecycle node-beginner@0.0.0~start: PATH: /home/katja/.nvm/versions/node/v7.1.0/lib/node_modules/npm/bin/node-gyp-bin:/home/katja/JS101_reactplay/node-beginner/node_modules/.bin:/home/katja/.rvm/gems/ruby-2.1.1/bin:/home/katja/.rvm/gems/ruby-2.1.1@global/bin:/home/katja/.rvm/rubies/ruby-2.1.1/bin:/home/bin/exercism:/home/katja/bin:/home/katja/anaconda3/bin:/home/katja/.nvm/versions/node/v7.1.0/bin:/home/bin/exercism:/home/katja/bin:/usr/local/sbin:/usr/local/bin:/usr/sbin:/usr/bin:/sbin:/bin:/usr/games:/usr/local/games:/usr/lib/jvm/java-8-oracle/bin:/usr/lib/jvm/java-8-oracle/db/bin:/usr/lib/jvm/java-8-oracle/jre/bin:/home/katja/.rvm/bin:/usr/lib/jvm/java-8-oracle/bin:/usr/lib/jvm/java-8-oracle/db/bin:/usr/lib/jvm/java-8-oracle/jre/bin:/home/katja/.rvm/bin:/home/katja/.composer/vendor/bin:/home/katja/.local/bin:/opt/robomongo-1.0.0-linux-x86_64-89f24ea/bin:/home/katja/flow/:/home/katja/.rvm/bin
10 verbose lifecycle node-beginner@0.0.0~start: CWD: /home/katja/JS101_reactplay/node-beginner
11 silly lifecycle node-beginner@0.0.0~start: Args: [ '-c', 'node ./bin/www' ]
12 silly lifecycle node-beginner@0.0.0~start: Returned: code: 1  signal: null
13 info lifecycle node-beginner@0.0.0~start: Failed to exec start script
14 verbose stack Error: node-beginner@0.0.0 start: `node ./bin/www`
14 verbose stack Exit status 1
14 verbose stack     at EventEmitter.<anonymous> (/home/katja/.nvm/versions/node/v7.1.0/lib/node_modules/npm/lib/utils/lifecycle.js:255:16)
14 verbose stack     at emitTwo (events.js:106:13)
14 verbose stack     at EventEmitter.emit (events.js:191:7)
14 verbose stack     at ChildProcess.<anonymous> (/home/katja/.nvm/versions/node/v7.1.0/lib/node_modules/npm/lib/utils/spawn.js:40:14)
14 verbose stack     at emitTwo (events.js:106:13)
14 verbose stack     at ChildProcess.emit (events.js:191:7)
14 verbose stack     at maybeClose (internal/child_process.js:885:16)
14 verbose stack     at Process.ChildProcess._handle.onexit (internal/child_process.js:226:5)
15 verbose pkgid node-beginner@0.0.0
16 verbose cwd /home/katja/JS101_reactplay/node-beginner
17 error Linux 3.13.0-110-generic
18 error argv "/home/katja/.nvm/versions/node/v7.1.0/bin/node" "/home/katja/.nvm/versions/node/v7.1.0/bin/npm" "start"
19 error node v7.1.0
20 error npm  v3.10.9
21 error code ELIFECYCLE
22 error node-beginner@0.0.0 start: `node ./bin/www`
22 error Exit status 1
23 error Failed at the node-beginner@0.0.0 start script 'node ./bin/www'.
23 error Make sure you have the latest version of node.js and npm installed.
23 error If you do, this is most likely a problem with the node-beginner package,
23 error not with npm itself.
23 error Tell the author that this fails on your system:
23 error     node ./bin/www
23 error You can get information on how to open an issue for this project with:
23 error     npm bugs node-beginner
23 error Or if that isn't available, you can get their info via:
23 error     npm owner ls node-beginner
23 error There is likely additional logging output above.
24 verbose exit [ 1, true ]
